2015/09/01 22:56:44 First log message!
panic: runtime error: index out of range

goroutine 1 [running]:
main.main()
	/home/ubuntu/go/src/github.com/gyuho/learn/doc/go_text_html_template_web_server/code/03_log.go:13 +0x2dc

goroutine 2 [runnable]:
runtime.forcegchelper()
	/usr/local/go/src/runtime/proc.go:90
runtime.goexit()
	/usr/local/go/src/runtime/asm_amd64.s:2232 +0x1

goroutine 3 [runnable]:
runtime.bgsweep()
	/usr/local/go/src/runtime/mgc0.go:82
runtime.goexit()
	/usr/local/go/src/runtime/asm_amd64.s:2232 +0x1

goroutine 4 [runnable]:
runtime.runfinq()
	/usr/local/go/src/runtime/malloc.go:712
runtime.goexit()
	/usr/local/go/src/runtime/asm_amd64.s:2232 +0x1
exit status 2
